<?xml version="1.0" encoding="UTF-8" ?>
<testsuite errors="0" failures="0" hostname="sbfnti" name="sisviagem.VeiculoControllerSpec" tests="7" time="0.273" timestamp="2015-09-18T12:28:53">
  <properties />
  <testcase classname="sisviagem.VeiculoControllerSpec" name="Test the index action returns the correct model" time="0.116" />
  <testcase classname="sisviagem.VeiculoControllerSpec" name="Test the create action returns the correct model" time="0.015" />
  <testcase classname="sisviagem.VeiculoControllerSpec" name="Test the save action correctly persists an instance" time="0.036" />
  <testcase classname="sisviagem.VeiculoControllerSpec" name="Test that the show action returns the correct model" time="0.014" />
  <testcase classname="sisviagem.VeiculoControllerSpec" name="Test that the edit action returns the correct model" time="0.014" />
  <testcase classname="sisviagem.VeiculoControllerSpec" name="Test the update action performs an update on a valid domain instance" time="0.039" />
  <testcase classname="sisviagem.VeiculoControllerSpec" name="Test that the delete action deletes an instance if it exists" time="0.027" />
  <system-out><![CDATA[--Output from Test the index action returns the correct model--
--Output from Test the create action returns the correct model--
--Output from Test the save action correctly persists an instance--
--Output from Test that the show action returns the correct model--
--Output from Test that the edit action returns the correct model--
--Output from Test the update action performs an update on a valid domain instance--
--Output from Test that the delete action deletes an instance if it exists--
]]></system-out>
  <system-err><![CDATA[--Output from Test the index action returns the correct model--
--Output from Test the create action returns the correct model--
--Output from Test the save action correctly persists an instance--
--Output from Test that the show action returns the correct model--
--Output from Test that the edit action returns the correct model--
--Output from Test the update action performs an update on a valid domain instance--
--Output from Test that the delete action deletes an instance if it exists--
]]></system-err>
</testsuite>
