<?xml version="1.0" encoding="UTF-8" ?>
<testsuite errors="0" failures="0" hostname="sbfnti" name="sisviagem.ViagemControllerSpec" tests="2" time="0.149" timestamp="2015-09-18T12:28:54">
  <properties />
  <testcase classname="sisviagem.ViagemControllerSpec" name="Test the index action returns the correct model" time="0.124" />
  <testcase classname="sisviagem.ViagemControllerSpec" name="Test that the show action returns the correct model" time="0.019" />
  <system-out><![CDATA[--Output from Test the index action returns the correct model--
--Output from Test that the show action returns the correct model--
]]></system-out>
  <system-err><![CDATA[--Output from Test the index action returns the correct model--
--Output from Test that the show action returns the correct model--
]]></system-err>
</testsuite>
